2018-03-30 01:22:54 ERROR ServerConnectionEndpoint:58 - Error occurred in Server Endpoint
2018-03-30 01:23:54 INFO  ClientConnectionServiceImpl:24 - Connecting to ws://localhost:1516/server
2018-03-30 01:23:54 INFO  ServerConnectionEndpoint:31 - New Client connected :::: Wrapped: Basic
2018-03-30 01:23:55 INFO  ClientConnectionEndpoint:23 - Connected to endpoint: Wrapped: Basic
2018-03-30 01:23:58 INFO  ServerConnectionEndpoint:31 - New Client connected :::: Wrapped: Basic
2018-03-30 01:23:58 ERROR ServerConnectionEndpoint:58 - Error occurred in Server Endpoint
2018-03-30 01:24:27 ERROR ServerConnectionEndpoint:58 - Error occurred in Server Endpoint
2018-03-30 16:08:54 INFO  ClientConnectionServiceImpl:24 - Connecting to ws://localhost:1516/server
2018-03-30 16:08:54 ERROR ClientConnectionServiceImpl:29 - Exception occurred in createClientConnection method::::[Ljava.lang.StackTraceElement;@4e7dc304
2018-03-30 16:21:00 INFO  ClientConnectionServiceImpl:24 - Connecting to ws://localhost:1516/server
2018-03-30 16:21:01 INFO  ServerConnectionEndpoint:36 - New Client connected :::: Wrapped: Basic
2018-03-30 16:21:01 INFO  ClientConnectionEndpoint:23 - Connected to endpoint: Wrapped: Basic
2018-03-30 16:22:41 INFO  ServerConnectionEndpoint:52 - onClose: CloseReason[1006,Closed abnormally.]
2018-03-30 16:22:41 ERROR ServerConnectionEndpoint:63 - Error occurred in Server Endpoint
2018-03-30 16:32:51 INFO  ClientConnectionServiceImpl:24 - Connecting to ws://localhost:1516/server
2018-03-30 16:32:52 INFO  ServerConnectionEndpoint:36 - New Client connected :::: Wrapped: Basic
2018-03-30 16:32:52 INFO  ClientConnectionEndpoint:23 - Connected to endpoint: Wrapped: Basic
2018-03-30 18:00:24 INFO  ClientConnectionServiceImpl:24 - Connecting to ws://localhost:1516/server
2018-03-30 18:00:24 INFO  ServerConnectionEndpoint:36 - New Client connected :::: Wrapped: Basic
2018-03-30 18:00:24 INFO  ClientConnectionEndpoint:23 - Connected to endpoint: Wrapped: Basic
2018-03-30 18:00:31 INFO  ServerConnectionEndpoint:52 - onClose: CloseReason[1006,Closed abnormally.]
2018-03-30 18:00:31 ERROR ServerConnectionEndpoint:63 - Error occurred in Server Endpoint
2018-03-30 18:03:05 INFO  ClientConnectionServiceImpl:24 - Connecting to ws://localhost:1516/server
2018-03-30 18:03:05 INFO  ServerConnectionEndpoint:36 - New Client connected :::: Wrapped: Basic
2018-03-30 18:03:05 INFO  ClientConnectionEndpoint:23 - Connected to endpoint: Wrapped: Basic
2018-03-30 18:04:45 INFO  ServerConnectionEndpoint:52 - onClose: CloseReason[1006,Closed abnormally.]
2018-03-30 18:04:45 ERROR ServerConnectionEndpoint:63 - Error occurred in Server Endpoint
2018-03-30 18:05:00 INFO  ClientConnectionServiceImpl:24 - Connecting to ws://localhost:1516/server
2018-03-30 18:05:00 INFO  ServerConnectionEndpoint:36 - New Client connected :::: Wrapped: Basic
2018-03-30 18:05:00 INFO  ClientConnectionEndpoint:23 - Connected to endpoint: Wrapped: Basic
2018-03-30 18:05:07 INFO  ServerConnectionEndpoint:52 - onClose: CloseReason[1006,Closed abnormally.]
2018-03-30 18:05:07 ERROR ServerConnectionEndpoint:63 - Error occurred in Server Endpoint
2018-03-30 18:23:46 INFO  ClientConnectionServiceImpl:24 - Connecting to ws://localhost:1516/server
2018-03-30 18:23:46 INFO  ServerConnectionEndpoint:36 - New Client connected :::: Wrapped: Basic
2018-03-30 18:23:46 INFO  ClientConnectionEndpoint:23 - Connected to endpoint: Wrapped: Basic
2018-03-30 18:25:27 INFO  ServerConnectionEndpoint:52 - onClose: CloseReason[1006,Closed abnormally.]
2018-03-30 18:25:27 ERROR ServerConnectionEndpoint:63 - Error occurred in Server Endpoint
